<?xml version="1.0" encoding="UTF-8"?>
<!-- Generated by org.testng.reporters.JUnitReportReporter -->
<testsuite skipped="0" hostname="DESKTOP-VVEU7MH" name="com.vtiger.testcripts.CreateOrganizationTest" tests="1" failures="0" timestamp="09 Oct 2021 14:09:24 GMT" time="22.637" errors="0">
  <testcase name="organization" time="22.637" classname="com.vtiger.testcripts.CreateOrganizationTest"/>
</testsuite> <!-- com.vtiger.testcripts.CreateOrganizationTest -->
