<?xml version="1.0" encoding="UTF-8"?>
<!-- Generated by org.testng.reporters.JUnitReportReporter -->
<testsuite skipped="0" hostname="DESKTOP-VVEU7MH" name="com.vtiger.testcripts.EditInvoiceTest" tests="1" failures="0" timestamp="09 Oct 2021 14:09:24 GMT" time="23.262" errors="0">
  <testcase name="editInvoice" time="23.262" classname="com.vtiger.testcripts.EditInvoiceTest"/>
</testsuite> <!-- com.vtiger.testcripts.EditInvoiceTest -->
