<?xml version="1.0" encoding="UTF-8"?>
<!-- Generated by org.testng.reporters.JUnitReportReporter -->
<testsuite skipped="0" hostname="DESKTOP-VVEU7MH" name="com.vtiger.testcripts.DeleteInvoiceTest" tests="1" failures="0" timestamp="09 Oct 2021 14:09:24 GMT" time="20.357" errors="0">
  <testcase name="deleteInvoice" time="20.357" classname="com.vtiger.testcripts.DeleteInvoiceTest"/>
</testsuite> <!-- com.vtiger.testcripts.DeleteInvoiceTest -->
